#
# There is insufficient memory for the Java Runtime Environment to continue.
# Native memory allocation (mmap) failed to map 65536 bytes for Failed to commit metaspace.
# Possible reasons:
#   The system is out of physical RAM or swap space
#   The process is running with CompressedOops enabled, and the Java Heap may be blocking the growth of the native heap
# Possible solutions:
#   Reduce memory load on the system
#   Increase physical memory or swap space
#   Check if swap backing store is full
#   Decrease Java heap size (-Xmx/-Xms)
#   Decrease number of Java threads
#   Decrease Java thread stack sizes (-Xss)
#   Set larger code cache with -XX:ReservedCodeCacheSize=
#   JVM is running with Unscaled Compressed Oops mode in which the Java heap is
#     placed in the first 4GB address space. The Java Heap base address is the
#     maximum limit for the native heap growth. Please use -XX:HeapBaseMinAddress
#     to set the Java Heap base and to place the Java Heap above 4GB virtual address.
# This output file may be truncated or incomplete.
#
#  Out of Memory Error (virtualSpaceNode.cpp:110), pid=5968, tid=5124
#
# JRE version: OpenJDK Runtime Environment Temurin-18.0.2.1+1 (18.0.2.1+1) (build 18.0.2.1+1)
# Java VM: OpenJDK 64-Bit Server VM Temurin-18.0.2.1+1 (18.0.2.1+1, mixed mode, tiered, compressed oops, compressed class ptrs, g1 gc, windows-amd64)
# No core dump will be written. Minidumps are not enabled by default on client versions of Windows
#

---------------  S U M M A R Y ------------

Command Line: -Dfile.encoding=UTF-8 --module-path=C:\Users\dell\eclipse-workspace\java\bin -XX:+ShowCodeDetailsInExceptionMessages -Djdk.module.main=java java/pinclass.altprimeno

Host: Intel(R) Core(TM) i3-8130U CPU @ 2.20GHz, 4 cores, 3G,  Windows 11 , 64 bit Build 22621 (10.0.22621.1485)
Time: Wed Jun 14 19:46:24 2023 India Standard Time elapsed time: 8.199167 seconds (0d 0h 0m 8s)

---------------  T H R E A D  ---------------

Current thread (0x0000019a44b9c840):  JavaThread "main" [_thread_in_vm, id=5124, stack(0x00000015e3300000,0x00000015e3400000)]

Stack: [0x00000015e3300000,0x00000015e3400000]
Native frames: (J=compiled Java code, j=interpreted, Vv=VM code, C=native code)
V  [jvm.dll+0x69d85a]
V  [jvm.dll+0x84c43d]
V  [jvm.dll+0x84dd4e]
V  [jvm.dll+0x84e403]
V  [jvm.dll+0x25f65f]
V  [jvm.dll+0x84814b]
V  [jvm.dll+0x642816]
V  [jvm.dll+0x1d956e]
V  [jvm.dll+0x6451cb]
V  [jvm.dll+0x644fce]
V  [jvm.dll+0x6431de]
V  [jvm.dll+0x255186]
V  [jvm.dll+0x20554d]
V  [jvm.dll+0x1faf61]
V  [jvm.dll+0x5610b5]
V  [jvm.dll+0x7c6733]
V  [jvm.dll+0x7c6814]
V  [jvm.dll+0x4306d4]
V  [jvm.dll+0x43658f]
C  [java.dll+0x17ec]

Java frames: (J=compiled Java code, j=interpreted, Vv=VM code)
j  java.lang.ClassLoader.defineClass1(Ljava/lang/ClassLoader;Ljava/lang/String;[BIILjava/security/ProtectionDomain;Ljava/lang/String;)Ljava/lang/Class;+0 java.base@18.0.2.1
j  java.lang.ClassLoader.defineClass(Ljava/lang/String;[BIILjava/security/ProtectionDomain;)Ljava/lang/Class;+27 java.base@18.0.2.1
j  java.lang.ClassLoader.defineClass(Ljava/lang/String;Ljava/nio/ByteBuffer;Ljava/security/ProtectionDomain;)Ljava/lang/Class;+38 java.base@18.0.2.1
j  java.security.SecureClassLoader.defineClass(Ljava/lang/String;Ljava/nio/ByteBuffer;Ljava/security/CodeSource;)Ljava/lang/Class;+8 java.base@18.0.2.1
j  jdk.internal.loader.BuiltinClassLoader.defineClass(Ljava/lang/String;Ljdk/internal/loader/BuiltinClassLoader$LoadedModule;)Ljava/lang/Class;+127 java.base@18.0.2.1
j  jdk.internal.loader.BuiltinClassLoader.findClassInModuleOrNull(Ljdk/internal/loader/BuiltinClassLoader$LoadedModule;Ljava/lang/String;)Ljava/lang/Class;+9 java.base@18.0.2.1
j  jdk.internal.loader.BuiltinClassLoader.findClass(Ljava/lang/String;Ljava/lang/String;)Ljava/lang/Class;+42 java.base@18.0.2.1
j  java.lang.ClassLoader.loadClass(Ljava/lang/Module;Ljava/lang/String;)Ljava/lang/Class;+26 java.base@18.0.2.1
j  java.lang.Class.forName(Ljava/lang/Module;Ljava/lang/String;Ljava/lang/Class;)Ljava/lang/Class;+77 java.base@18.0.2.1
j  java.lang.Class.forName(Ljava/lang/Module;Ljava/lang/String;)Ljava/lang/Class;+17 java.base@18.0.2.1
j  java.util.ServiceLoader.loadProvider(Ljdk/internal/module/ServicesCatalog$ServiceProvider;)Ljava/util/ServiceLoader$Provider;+38 java.base@18.0.2.1
j  java.util.ServiceLoader$ModuleServicesLookupIterator.hasNext()Z+79 java.base@18.0.2.1
j  java.util.ServiceLoader$2.hasNext()Z+4 java.base@18.0.2.1
j  java.util.ServiceLoader$3.hasNext()Z+32 java.base@18.0.2.1
j  sun.util.cldr.CLDRLocaleProviderAdapter.lambda$new$0()Lsun/util/locale/provider/LocaleDataMetaInfo;+10 java.base@18.0.2.1
j  sun.util.cldr.CLDRLocaleProviderAdapter$$Lambda$29+0x000000010008efa8.run()Ljava/lang/Object;+0 java.base@18.0.2.1
j  java.security.AccessController.executePrivileged(Ljava/security/PrivilegedExceptionAction;Ljava/security/AccessControlContext;Ljava/lang/Class;)Ljava/lang/Object;+29 java.base@18.0.2.1
j  java.security.AccessController.doPrivileged(Ljava/security/PrivilegedExceptionAction;)Ljava/lang/Object;+9 java.base@18.0.2.1
j  sun.util.cldr.CLDRLocaleProviderAdapter.<init>()V+9 java.base@18.0.2.1
j  java.lang.invoke.DirectMethodHandle$Holder.newInvokeSpecial(Ljava/lang/Object;)Ljava/lang/Object;+15 java.base@18.0.2.1
j  java.lang.invoke.Invokers$Holder.invokeExact_MT(Ljava/lang/Object;Ljava/lang/Object;)Ljava/lang/Object;+18 java.base@18.0.2.1
j  jdk.internal.reflect.DirectConstructorHandleAccessor.invokeImpl([Ljava/lang/Object;)Ljava/lang/Object;+44 java.base@18.0.2.1
j  jdk.internal.reflect.DirectConstructorHandleAccessor.newInstance([Ljava/lang/Object;)Ljava/lang/Object;+68 java.base@18.0.2.1
j  java.lang.reflect.Constructor.newInstanceWithCaller([Ljava/lang/Object;ZLjava/lang/Class;)Ljava/lang/Object;+41 java.base@18.0.2.1
j  java.lang.reflect.Constructor.newInstance([Ljava/lang/Object;)Ljava/lang/Object;+30 java.base@18.0.2.1
j  sun.util.locale.provider.LocaleProviderAdapter.forType(Lsun/util/locale/provider/LocaleProviderAdapter$Type;)Lsun/util/locale/provider/LocaleProviderAdapter;+79 java.base@18.0.2.1
j  sun.util.locale.provider.LocaleProviderAdapter.findAdapter(Ljava/lang/Class;Ljava/util/Locale;)Lsun/util/locale/provider/LocaleProviderAdapter;+29 java.base@18.0.2.1
j  sun.util.locale.provider.LocaleProviderAdapter.getAdapter(Ljava/lang/Class;Ljava/util/Locale;)Lsun/util/locale/provider/LocaleProviderAdapter;+55 java.base@18.0.2.1
j  java.text.NumberFormat.getInstance(Ljava/util/Locale;Ljava/text/NumberFormat$Style;I)Ljava/text/NumberFormat;+3 java.base@18.0.2.1
j  java.text.NumberFormat.getNumberInstance(Ljava/util/Locale;)Ljava/text/NumberFormat;+3 java.base@18.0.2.1
j  java.util.Scanner.useLocale(Ljava/util/Locale;)Ljava/util/Scanner;+31 java.base@18.0.2.1
j  java.util.Scanner.<init>(Ljava/lang/Readable;Ljava/util/regex/Pattern;)V+243 java.base@18.0.2.1
j  java.util.Scanner.<init>(Ljava/io/InputStream;)V+12 java.base@18.0.2.1
j  pinclass.altprimeno.main([Ljava/lang/String;)V+7 java
v  ~StubRoutines::call_stub

---------------  P R O C E S S  ---------------

Threads class SMR info:
_java_thread_list=0x0000019a62214870, length=12, elements={
0x0000019a44b9c840, 0x0000019a5db91010, 0x0000019a5db92060, 0x0000019a5dbc66e0,
0x0000019a5dbc6f90, 0x0000019a5dc03c20, 0x0000019a5dc044d0, 0x0000019a5dc050b0,
0x0000019a5dbff310, 0x0000019a6203d550, 0x0000019a44c25f70, 0x0000019a62249530
}

Java Threads: ( => current thread )
=>0x0000019a44b9c840 JavaThread "main" [_thread_in_vm, id=5124, stack(0x00000015e3300000,0x00000015e3400000)]
  0x0000019a5db91010 JavaThread "Reference Handler" daemon [_thread_blocked, id=13008, stack(0x00000015e3a00000,0x00000015e3b00000)]
  0x0000019a5db92060 JavaThread "Finalizer" daemon [_thread_blocked, id=10232, stack(0x00000015e3b00000,0x00000015e3c00000)]
  0x0000019a5dbc66e0 JavaThread "Signal Dispatcher" daemon [_thread_blocked, id=2372, stack(0x00000015e3c00000,0x00000015e3d00000)]
  0x0000019a5dbc6f90 JavaThread "Attach Listener" daemon [_thread_blocked, id=2296, stack(0x00000015e3d00000,0x00000015e3e00000)]
  0x0000019a5dc03c20 JavaThread "Service Thread" daemon [_thread_blocked, id=10388, stack(0x00000015e3e00000,0x00000015e3f00000)]
  0x0000019a5dc044d0 JavaThread "Monitor Deflation Thread" daemon [_thread_blocked, id=7956, stack(0x00000015e3f00000,0x00000015e4000000)]
  0x0000019a5dc050b0 JavaThread "C2 CompilerThread0" daemon [_thread_blocked, id=1180, stack(0x00000015e4000000,0x00000015e4100000)]
  0x0000019a5dbff310 JavaThread "C1 CompilerThread0" daemon [_thread_blocked, id=10360, stack(0x00000015e4100000,0x00000015e4200000)]
  0x0000019a6203d550 JavaThread "Sweeper thread" daemon [_thread_blocked, id=11568, stack(0x00000015e4200000,0x00000015e4300000)]
  0x0000019a44c25f70 JavaThread "Common-Cleaner" daemon [_thread_blocked, id=13652, stack(0x00000015e4300000,0x00000015e4400000)]
  0x0000019a62249530 JavaThread "Notification Thread" daemon [_thread_blocked, id=13728, stack(0x00000015e4400000,0x00000015e4500000)]

Other Threads:
  0x0000019a5db7b440 VMThread "VM Thread" [stack: 0x00000015e3900000,0x00000015e3a00000] [id=5920] _threads_hazard_ptr=0x0000019a62214870
  0x0000019a622499f0 WatcherThread "VM Periodic Task Thread" [stack: 0x00000015e4500000,0x00000015e4600000] [id=13732]
  0x0000019a44bdf1f0 WorkerThread "GC Thread#0" [stack: 0x00000015e3400000,0x00000015e3500000] [id=12676]
  0x0000019a44be7d30 ConcurrentGCThread "G1 Main Marker" [stack: 0x00000015e3500000,0x00000015e3600000] [id=12608]
  0x0000019a44be8f30 WorkerThread "G1 Conc#0" [stack: 0x00000015e3600000,0x00000015e3700000] [id=2056]
  0x0000019a44c10d90 ConcurrentGCThread "G1 Refine#0" [stack: 0x00000015e3700000,0x00000015e3800000] [id=10308]
  0x0000019a44c115b0 ConcurrentGCThread "G1 Service" [stack: 0x00000015e3800000,0x00000015e3900000] [id=10748]

Threads with active compile tasks:

VM state: synchronizing (normal execution)

VM Mutex/Monitor currently owned by a thread:  ([mutex/lock_event])
[0x0000019a44b96b40] Metaspace_lock - owner thread: 0x0000019a44b9c840
[0x0000019a44b997a0] Threads_lock - owner thread: 0x0000019a5db7b440

Heap address: 0x00000000c1800000, size: 1000 MB, Compressed Oops mode: 32-bit

CDS archive(s) not mapped
Compressed class space mapped at: 0x0000000100000000-0x0000000140000000, reserved size: 1073741824
Narrow klass base: 0x0000000000000000, Narrow klass shift: 3, Narrow klass range: 0x140000000

GC Precious Log:
 CardTable entry size: 512
 Card Set container configuration: InlinePtr #cards 5 size 8 Array Of Cards #cards 12 size 40 Howl #buckets 4 coarsen threshold 1843 Howl Bitmap #cards 512 size 80 coarsen threshold 460 Card regions per heap region 1 cards per card region 2048
 CPUs: 4 total, 4 available
 Memory: 3993M
 Large Page Support: Disabled
 NUMA Support: Disabled
 Compressed Oops: Enabled (32-bit)
 Heap Region Size: 1M
 Heap Min Capacity: 8M
 Heap Initial Capacity: 64M
 Heap Max Capacity: 1000M
 Pre-touch: Disabled
 Parallel Workers: 4
 Concurrent Workers: 1
 Concurrent Refinement Workers: 4
 Periodic GC: Disabled

Heap:
 garbage-first heap   total 65536K, used 2048K [0x00000000c1800000, 0x0000000100000000)
  region size 1024K, 3 young (3072K), 0 survivors (0K)
 Metaspace       used 7035K, committed 7168K, reserved 1114112K
  class space    used 597K, committed 704K, reserved 1048576K

Heap Regions: E=young(eden), S=young(survivor), O=old, HS=humongous(starts), HC=humongous(continues), CS=collection set, F=free, OA=open archive, CA=closed archive, TAMS=top-at-mark-start (previous, next)
|   0|0x00000000c1800000, 0x00000000c1800000, 0x00000000c1900000|  0%| F|  |TAMS 0x00000000c1800000, 0x00000000c1800000| Untracked 
|   1|0x00000000c1900000, 0x00000000c1900000, 0x00000000c1a00000|  0%| F|  |TAMS 0x00000000c1900000, 0x00000000c1900000| Untracked 
|   2|0x00000000c1a00000, 0x00000000c1a00000, 0x00000000c1b00000|  0%| F|  |TAMS 0x00000000c1a00000, 0x00000000c1a00000| Untracked 
|   3|0x00000000c1b00000, 0x00000000c1b00000, 0x00000000c1c00000|  0%| F|  |TAMS 0x00000000c1b00000, 0x00000000c1b00000| Untracked 
|   4|0x00000000c1c00000, 0x00000000c1c00000, 0x00000000c1d00000|  0%| F|  |TAMS 0x00000000c1c00000, 0x00000000c1c00000| Untracked 
|   5|0x00000000c1d00000, 0x00000000c1d00000, 0x00000000c1e00000|  0%| F|  |TAMS 0x00000000c1d00000, 0x00000000c1d00000| Untracked 
|   6|0x00000000c1e00000, 0x00000000c1e00000, 0x00000000c1f00000|  0%| F|  |TAMS 0x00000000c1e00000, 0x00000000c1e00000| Untracked 
|   7|0x00000000c1f00000, 0x00000000c1f00000, 0x00000000c2000000|  0%| F|  |TAMS 0x00000000c1f00000, 0x00000000c1f00000| Untracked 
|   8|0x00000000c2000000, 0x00000000c2000000, 0x00000000c2100000|  0%| F|  |TAMS 0x00000000c2000000, 0x00000000c2000000| Untracked 
|   9|0x00000000c2100000, 0x00000000c2100000, 0x00000000c2200000|  0%| F|  |TAMS 0x00000000c2100000, 0x00000000c2100000| Untracked 
|  10|0x00000000c2200000, 0x00000000c2200000, 0x00000000c2300000|  0%| F|  |TAMS 0x00000000c2200000, 0x00000000c2200000| Untracked 
|  11|0x00000000c2300000, 0x00000000c2300000, 0x00000000c2400000|  0%| F|  |TAMS 0x00000000c2300000, 0x00000000c2300000| Untracked 
|  12|0x00000000c2400000, 0x00000000c2400000, 0x00000000c2500000|  0%| F|  |TAMS 0x00000000c2400000, 0x00000000c2400000| Untracked 
|  13|0x00000000c2500000, 0x00000000c2500000, 0x00000000c2600000|  0%| F|  |TAMS 0x00000000c2500000, 0x00000000c2500000| Untracked 
|  14|0x00000000c2600000, 0x00000000c2600000, 0x00000000c2700000|  0%| F|  |TAMS 0x00000000c2600000, 0x00000000c2600000| Untracked 
|  15|0x00000000c2700000, 0x00000000c2700000, 0x00000000c2800000|  0%| F|  |TAMS 0x00000000c2700000, 0x00000000c2700000| Untracked 
|  16|0x00000000c2800000, 0x00000000c2800000, 0x00000000c2900000|  0%| F|  |TAMS 0x00000000c2800000, 0x00000000c2800000| Untracked 
|  17|0x00000000c2900000, 0x00000000c2900000, 0x00000000c2a00000|  0%| F|  |TAMS 0x00000000c2900000, 0x00000000c2900000| Untracked 
|  18|0x00000000c2a00000, 0x00000000c2a00000, 0x00000000c2b00000|  0%| F|  |TAMS 0x00000000c2a00000, 0x00000000c2a00000| Untracked 
|  19|0x00000000c2b00000, 0x00000000c2b00000, 0x00000000c2c00000|  0%| F|  |TAMS 0x00000000c2b00000, 0x00000000c2b00000| Untracked 
|  20|0x00000000c2c00000, 0x00000000c2c00000, 0x00000000c2d00000|  0%| F|  |TAMS 0x00000000c2c00000, 0x00000000c2c00000| Untracked 
|  21|0x00000000c2d00000, 0x00000000c2d00000, 0x00000000c2e00000|  0%| F|  |TAMS 0x00000000c2d00000, 0x00000000c2d00000| Untracked 
|  22|0x00000000c2e00000, 0x00000000c2e00000, 0x00000000c2f00000|  0%| F|  |TAMS 0x00000000c2e00000, 0x00000000c2e00000| Untracked 
|  23|0x00000000c2f00000, 0x00000000c2f00000, 0x00000000c3000000|  0%| F|  |TAMS 0x00000000c2f00000, 0x00000000c2f00000| Untracked 
|  24|0x00000000c3000000, 0x00000000c3000000, 0x00000000c3100000|  0%| F|  |TAMS 0x00000000c3000000, 0x00000000c3000000| Untracked 
|  25|0x00000000c3100000, 0x00000000c3100000, 0x00000000c3200000|  0%| F|  |TAMS 0x00000000c3100000, 0x00000000c3100000| Untracked 
|  26|0x00000000c3200000, 0x00000000c3200000, 0x00000000c3300000|  0%| F|  |TAMS 0x00000000c3200000, 0x00000000c3200000| Untracked 
|  27|0x00000000c3300000, 0x00000000c3300000, 0x00000000c3400000|  0%| F|  |TAMS 0x00000000c3300000, 0x00000000c3300000| Untracked 
|  28|0x00000000c3400000, 0x00000000c3400000, 0x00000000c3500000|  0%| F|  |TAMS 0x00000000c3400000, 0x00000000c3400000| Untracked 
|  29|0x00000000c3500000, 0x00000000c3500000, 0x00000000c3600000|  0%| F|  |TAMS 0x00000000c3500000, 0x00000000c3500000| Untracked 
|  30|0x00000000c3600000, 0x00000000c3600000, 0x00000000c3700000|  0%| F|  |TAMS 0x00000000c3600000, 0x00000000c3600000| Untracked 
|  31|0x00000000c3700000, 0x00000000c3700000, 0x00000000c3800000|  0%| F|  |TAMS 0x00000000c3700000, 0x00000000c3700000| Untracked 
|  32|0x00000000c3800000, 0x00000000c3800000, 0x00000000c3900000|  0%| F|  |TAMS 0x00000000c3800000, 0x00000000c3800000| Untracked 
|  33|0x00000000c3900000, 0x00000000c3900000, 0x00000000c3a00000|  0%| F|  |TAMS 0x00000000c3900000, 0x00000000c3900000| Untracked 
|  34|0x00000000c3a00000, 0x00000000c3a00000, 0x00000000c3b00000|  0%| F|  |TAMS 0x00000000c3a00000, 0x00000000c3a00000| Untracked 
|  35|0x00000000c3b00000, 0x00000000c3b00000, 0x00000000c3c00000|  0%| F|  |TAMS 0x00000000c3b00000, 0x00000000c3b00000| Untracked 
|  36|0x00000000c3c00000, 0x00000000c3c00000, 0x00000000c3d00000|  0%| F|  |TAMS 0x00000000c3c00000, 0x00000000c3c00000| Untracked 
|  37|0x00000000c3d00000, 0x00000000c3d00000, 0x00000000c3e00000|  0%| F|  |TAMS 0x00000000c3d00000, 0x00000000c3d00000| Untracked 
|  38|0x00000000c3e00000, 0x00000000c3e00000, 0x00000000c3f00000|  0%| F|  |TAMS 0x00000000c3e00000, 0x00000000c3e00000| Untracked 
|  39|0x00000000c3f00000, 0x00000000c3f00000, 0x00000000c4000000|  0%| F|  |TAMS 0x00000000c3f00000, 0x00000000c3f00000| Untracked 
|  40|0x00000000c4000000, 0x00000000c4000000, 0x00000000c4100000|  0%| F|  |TAMS 0x00000000c4000000, 0x00000000c4000000| Untracked 
|  41|0x00000000c4100000, 0x00000000c4100000, 0x00000000c4200000|  0%| F|  |TAMS 0x00000000c4100000, 0x00000000c4100000| Untracked 
|  42|0x00000000c4200000, 0x00000000c4200000, 0x00000000c4300000|  0%| F|  |TAMS 0x00000000c4200000, 0x00000000c4200000| Untracked 
|  43|0x00000000c4300000, 0x00000000c4300000, 0x00000000c4400000|  0%| F|  |TAMS 0x00000000c4300000, 0x00000000c4300000| Untracked 
|  44|0x00000000c4400000, 0x00000000c4400000, 0x00000000c4500000|  0%| F|  |TAMS 0x00000000c4400000, 0x00000000c4400000| Untracked 
|  45|0x00000000c4500000, 0x00000000c4500000, 0x00000000c4600000|  0%| F|  |TAMS 0x00000000c4500000, 0x00000000c4500000| Untracked 
|  46|0x00000000c4600000, 0x00000000c4600000, 0x00000000c4700000|  0%| F|  |TAMS 0x00000000c4600000, 0x00000000c4600000| Untracked 
|  47|0x00000000c4700000, 0x00000000c4700000, 0x00000000c4800000|  0%| F|  |TAMS 0x00000000c4700000, 0x00000000c4700000| Untracked 
|  48|0x00000000c4800000, 0x00000000c4800000, 0x00000000c4900000|  0%| F|  |TAMS 0x00000000c4800000, 0x00000000c4800000| Untracked 
|  49|0x00000000c4900000, 0x00000000c4900000, 0x00000000c4a00000|  0%| F|  |TAMS 0x00000000c4900000, 0x00000000c4900000| Untracked 
|  50|0x00000000c4a00000, 0x00000000c4a00000, 0x00000000c4b00000|  0%| F|  |TAMS 0x00000000c4a00000, 0x00000000c4a00000| Untracked 
|  51|0x00000000c4b00000, 0x00000000c4b00000, 0x00000000c4c00000|  0%| F|  |TAMS 0x00000000c4b00000, 0x00000000c4b00000| Untracked 
|  52|0x00000000c4c00000, 0x00000000c4c00000, 0x00000000c4d00000|  0%| F|  |TAMS 0x00000000c4c00000, 0x00000000c4c00000| Untracked 
|  53|0x00000000c4d00000, 0x00000000c4d00000, 0x00000000c4e00000|  0%| F|  |TAMS 0x00000000c4d00000, 0x00000000c4d00000| Untracked 
|  54|0x00000000c4e00000, 0x00000000c4e00000, 0x00000000c4f00000|  0%| F|  |TAMS 0x00000000c4e00000, 0x00000000c4e00000| Untracked 
|  55|0x00000000c4f00000, 0x00000000c4f00000, 0x00000000c5000000|  0%| F|  |TAMS 0x00000000c4f00000, 0x00000000c4f00000| Untracked 
|  56|0x00000000c5000000, 0x00000000c5000000, 0x00000000c5100000|  0%| F|  |TAMS 0x00000000c5000000, 0x00000000c5000000| Untracked 
|  57|0x00000000c5100000, 0x00000000c5100000, 0x00000000c5200000|  0%| F|  |TAMS 0x00000000c5100000, 0x00000000c5100000| Untracked 
|  58|0x00000000c5200000, 0x00000000c5200000, 0x00000000c5300000|  0%| F|  |TAMS 0x00000000c5200000, 0x00000000c5200000| Untracked 
|  59|0x00000000c5300000, 0x00000000c5300000, 0x00000000c5400000|  0%| F|  |TAMS 0x00000000c5300000, 0x00000000c5300000| Untracked 
|  60|0x00000000c5400000, 0x00000000c5400000, 0x00000000c5500000|  0%| F|  |TAMS 0x00000000c5400000, 0x00000000c5400000| Untracked 
|  61|0x00000000c5500000, 0x00000000c5543118, 0x00000000c5600000| 26%| E|  |TAMS 0x00000000c5500000, 0x00000000c5500000| Complete 
|  62|0x00000000c5600000, 0x00000000c5700000, 0x00000000c5700000|100%| E|CS|TAMS 0x00000000c5600000, 0x00000000c5600000| Complete 
|  63|0x00000000c5700000, 0x00000000c5800000, 0x00000000c5800000|100%| E|CS|TAMS 0x00000000c5700000, 0x00000000c5700000| Complete 

Card table byte_map: [0x0000019a59270000,0x0000019a59470000] _byte_map_base: 0x0000019a58c64000

Marking Bits (Prev, Next): (CMBitMap*) 0x0000019a44bdf700, (CMBitMap*) 0x0000019a44bdf740
 Prev Bits: [0x0000019a59670000, 0x0000019a5a610000)
 Next Bits: [0x0000019a5a610000, 0x0000019a5b5b0000)

Polling page: 0x0000019a44c60000

Metaspace:

Usage:
  Non-class:      6.29 MB used.
      Class:    597.48 KB used.
       Both:      6.87 MB used.

Virtual space:
  Non-class space:       64.00 MB reserved,       6.31 MB ( 10%) committed,  1 nodes.
      Class space:        1.00 GB reserved,     704.00 KB ( <1%) committed,  1 nodes.
             Both:        1.06 GB reserved,       7.00 MB ( <1%) committed. 

Chunk freelists:
   Non-Class:  1020.00 KB
       Class:  3.25 MB
        Both:  4.24 MB

MaxMetaspaceSize: unlimited
CompressedClassSpaceSize: 1.00 GB
Initial GC threshold: 21.00 MB
Current GC threshold: 21.00 MB
CDS: off
MetaspaceReclaimPolicy: balanced
 - commit_granule_bytes: 65536.
 - commit_granule_words: 8192.
 - virtual_space_node_default_size: 8388608.
 - enlarge_chunks_in_place: 1.
 - new_chunks_are_fully_committed: 0.
 - uncommit_free_chunks: 1.
 - use_allocation_guard: 0.


Internal statistics:

num_allocs_failed_limit: 0.
num_arena_births: 14.
num_arena_deaths: 0.
num_vsnodes_births: 2.
num_vsnodes_deaths: 0.
num_space_committed: 112.
num_space_uncommitted: 0.
num_chunks_returned_to_freelist: 0.
num_chunks_taken_from_freelist: 30.
num_chunk_merges: 0.
num_chunk_splits: 13.
num_chunks_enlarged: 4.
num_inconsistent_stats: 0.

CodeHeap 'non-profiled nmethods': size=120000Kb used=72Kb max_used=72Kb free=119927Kb
 bounds [0x0000019a51520000, 0x0000019a51790000, 0x0000019a58a50000]
CodeHeap 'profiled nmethods': size=120000Kb used=315Kb max_used=315Kb free=119684Kb
 bounds [0x0000019a49ff0000, 0x0000019a4a260000, 0x0000019a51520000]
CodeHeap 'non-nmethods': size=5760Kb used=1117Kb max_used=1125Kb free=4642Kb
 bounds [0x0000019a49a50000, 0x0000019a49cc0000, 0x0000019a49ff0000]
 total_blobs=636 nmethods=250 adapters=299
 compilation: enabled
              stopped_count=0, restarted_count=0
 full_count=0

Compilation events (20 events):
Event: 4.694 Thread 0x0000019a5dbff310  234       3       java.lang.invoke.MemberName::getReferenceKind (12 bytes)
Event: 4.694 Thread 0x0000019a5dbff310 nmethod 234 0x0000019a4a03b090 code [0x0000019a4a03b220, 0x0000019a4a03b338]
Event: 4.694 Thread 0x0000019a5dbff310  236       1       sun.invoke.util.Wrapper::basicTypeChar (5 bytes)
Event: 4.694 Thread 0x0000019a5dbff310 nmethod 236 0x0000019a51530610 code [0x0000019a515307a0, 0x0000019a51530878]
Event: 4.694 Thread 0x0000019a5dbff310  237       3       jdk.internal.misc.Unsafe::allocateUninitializedArray (55 bytes)
Event: 4.695 Thread 0x0000019a5dbff310 nmethod 237 0x0000019a4a03b410 code [0x0000019a4a03b600, 0x0000019a4a03ba58]
Event: 4.695 Thread 0x0000019a5dbff310  241       3       java.lang.invoke.MethodType::checkPtypes (76 bytes)
Event: 4.696 Thread 0x0000019a5dbff310 nmethod 241 0x0000019a4a03bc10 code [0x0000019a4a03be80, 0x0000019a4a03c7c8]
Event: 4.696 Thread 0x0000019a5dbff310  242       3       sun.invoke.util.VerifyAccess::isTypeVisible (118 bytes)
Event: 4.697 Thread 0x0000019a5dbff310 nmethod 242 0x0000019a4a03cb90 code [0x0000019a4a03ce80, 0x0000019a4a03de78]
Event: 4.774 Thread 0x0000019a5dbff310  245       3       sun.util.locale.LocaleUtils::isUpper (18 bytes)
Event: 4.774 Thread 0x0000019a5dbff310 nmethod 245 0x0000019a4a03e390 code [0x0000019a4a03e520, 0x0000019a4a03e698]
Event: 4.775 Thread 0x0000019a5dbff310  246       1       sun.util.locale.BaseLocale::getLanguage (5 bytes)
Event: 4.775 Thread 0x0000019a5dbff310 nmethod 246 0x0000019a51531810 code [0x0000019a515319a0, 0x0000019a51531a78]
Event: 4.784 Thread 0x0000019a5dbff310  247       3       java.lang.Class::getName (18 bytes)
Event: 4.784 Thread 0x0000019a5dbff310 nmethod 247 0x0000019a4a03e710 code [0x0000019a4a03e8c0, 0x0000019a4a03ea48]
Event: 5.067 Thread 0x0000019a5dbff310  248       3       java.lang.ref.Reference::reachabilityFence (1 bytes)
Event: 5.067 Thread 0x0000019a5dbff310 nmethod 248 0x0000019a4a03eb10 code [0x0000019a4a03eca0, 0x0000019a4a03ed98]
Event: 5.068 Thread 0x0000019a5dbff310  249       1       java.lang.Class::getModule (5 bytes)
Event: 5.069 Thread 0x0000019a5dbff310 nmethod 249 0x0000019a51531b10 code [0x0000019a51531ca0, 0x0000019a51531d78]

GC Heap History (0 events):
No events

Deoptimization events (4 events):
Event: 4.676 Thread 0x0000019a44b9c840 Uncommon trap: trap_request=0xffffff45 fr.pc=0x0000019a51526fa8 relative=0x00000000000000a8
Event: 4.676 Thread 0x0000019a44b9c840 Uncommon trap: reason=unstable_if action=reinterpret pc=0x0000019a51526fa8 method=java.lang.String.isLatin1()Z @ 10 c2
Event: 4.676 Thread 0x0000019a44b9c840 DEOPT PACKING pc=0x0000019a51526fa8 sp=0x00000015e33ff100
Event: 4.676 Thread 0x0000019a44b9c840 DEOPT UNPACKING pc=0x0000019a49aa23a3 sp=0x00000015e33ff040 mode 2

Classes loaded (20 events):
Event: 5.072 Loading class jdk/internal/jimage/decompressor/ZipDecompressorFactory
Event: 5.072 Loading class jdk/internal/jimage/decompressor/ResourceDecompressorFactory
Event: 5.072 Loading class jdk/internal/jimage/decompressor/ResourceDecompressorFactory done
Event: 5.072 Loading class jdk/internal/jimage/decompressor/ZipDecompressorFactory done
Event: 5.072 Loading class jdk/internal/jimage/decompressor/StringSharingDecompressorFactory
Event: 5.073 Loading class jdk/internal/jimage/decompressor/StringSharingDecompressorFactory done
Event: 5.073 Loading class jdk/internal/jimage/decompressor/ZipDecompressor
Event: 5.073 Loading class jdk/internal/jimage/decompressor/ResourceDecompressor
Event: 5.073 Loading class jdk/internal/jimage/decompressor/ResourceDecompressor done
Event: 5.073 Loading class jdk/internal/jimage/decompressor/ZipDecompressor done
Event: 5.073 Loading class java/util/zip/Inflater
Event: 5.073 Loading class java/util/zip/Inflater done
Event: 5.073 Loading class java/util/zip/ZipUtils
Event: 5.074 Loading class java/util/zip/ZipUtils done
Event: 5.076 Loading class java/util/zip/Inflater$InflaterZStreamRef
Event: 5.076 Loading class java/util/zip/Inflater$InflaterZStreamRef done
Event: 5.076 Loading class java/io/ByteArrayOutputStream
Event: 5.077 Loading class java/io/ByteArrayOutputStream done
Event: 5.077 Loading class sun/net/www/protocol/jrt/Handler
Event: 5.077 Loading class sun/net/www/protocol/jrt/Handler done

Classes unloaded (0 events):
No events

Classes redefined (0 events):
No events

Internal exceptions (1 events):
Event: 4.466 Thread 0x0000019a44b9c840 Exception <a 'java/lang/NoSuchMethodError'{0x00000000c56305d8}: 'void java.lang.invoke.DirectMethodHandle$Holder.invokeVirtual(java.lang.Object, java.lang.Object)'> (0x00000000c56305d8) 
thrown [s\src\hotspot\share\interpreter\linkResolver.cpp, line 759]

VM Operations (3 events):
Event: 4.559 Executing VM operation: HandshakeAllThreads
Event: 4.559 Executing VM operation: HandshakeAllThreads done
Event: 5.565 Executing VM operation: Cleanup

Events (17 events):
Event: 3.125 Loaded shared library C:\Users\dell\.p2\pool\plugins\org.eclipse.justj.openjdk.hotspot.jre.full.win32.x86_64_18.0.2.v20221005-1040\jre\bin\java.dll
Event: 3.485 Thread 0x0000019a44b9c840 Thread added: 0x0000019a44b9c840
Event: 3.638 Thread 0x0000019a5db91010 Thread added: 0x0000019a5db91010
Event: 3.639 Thread 0x0000019a5db92060 Thread added: 0x0000019a5db92060
Event: 3.771 Thread 0x0000019a5dbc66e0 Thread added: 0x0000019a5dbc66e0
Event: 3.771 Thread 0x0000019a5dbc6f90 Thread added: 0x0000019a5dbc6f90
Event: 3.771 Thread 0x0000019a5dc03c20 Thread added: 0x0000019a5dc03c20
Event: 3.771 Thread 0x0000019a5dc044d0 Thread added: 0x0000019a5dc044d0
Event: 3.771 Thread 0x0000019a5dc050b0 Thread added: 0x0000019a5dc050b0
Event: 3.815 Thread 0x0000019a5dbff310 Thread added: 0x0000019a5dbff310
Event: 3.827 Thread 0x0000019a6203d550 Thread added: 0x0000019a6203d550
Event: 4.391 Thread 0x0000019a44c25f70 Thread added: 0x0000019a44c25f70
Event: 4.422 Loaded shared library C:\Users\dell\.p2\pool\plugins\org.eclipse.justj.openjdk.hotspot.jre.full.win32.x86_64_18.0.2.v20221005-1040\jre\bin\net.dll
Event: 4.425 Loaded shared library C:\Users\dell\.p2\pool\plugins\org.eclipse.justj.openjdk.hotspot.jre.full.win32.x86_64_18.0.2.v20221005-1040\jre\bin\nio.dll
Event: 4.655 Thread 0x0000019a62249530 Thread added: 0x0000019a62249530
Event: 5.061 Loaded shared library C:\Users\dell\.p2\pool\plugins\org.eclipse.justj.openjdk.hotspot.jre.full.win32.x86_64_18.0.2.v20221005-1040\jre\bin\jimage.dll
Event: 5.076 Loaded shared library C:\Users\dell\.p2\pool\plugins\org.eclipse.justj.openjdk.hotspot.jre.full.win32.x86_64_18.0.2.v20221005-1040\jre\bin\zip.dll


Dynamic libraries:
0x00007ff6a81a0000 - 0x00007ff6a81ae000 	C:\Users\dell\.p2\pool\plugins\org.eclipse.justj.openjdk.hotspot.jre.full.win32.x86_64_18.0.2.v20221005-1040\jre\bin\javaw.exe
0x00007ffd88ad0000 - 0x00007ffd88ce4000 	C:\WINDOWS\SYSTEM32\ntdll.dll
0x00007ffd88330000 - 0x00007ffd883f2000 	C:\WINDOWS\System32\KERNEL32.DLL
0x00007ffd85f10000 - 0x00007ffd862ac000 	C:\WINDOWS\System32\KERNELBASE.dll
0x00007ffd86320000 - 0x00007ffd86431000 	C:\WINDOWS\System32\ucrtbase.dll
0x00007ffd70600000 - 0x00007ffd70617000 	C:\Users\dell\.p2\pool\plugins\org.eclipse.justj.openjdk.hotspot.jre.full.win32.x86_64_18.0.2.v20221005-1040\jre\bin\jli.dll
0x00007ffd869b0000 - 0x00007ffd86b5b000 	C:\WINDOWS\System32\USER32.dll
0x00007ffd864c0000 - 0x00007ffd864e6000 	C:\WINDOWS\System32\win32u.dll
0x00007ffd88470000 - 0x00007ffd88499000 	C:\WINDOWS\System32\GDI32.dll
0x00007ffd867c0000 - 0x00007ffd868d3000 	C:\WINDOWS\System32\gdi32full.dll
0x00007ffd86720000 - 0x00007ffd867ba000 	C:\WINDOWS\System32\msvcp_win.dll
0x00007ffd6f8d0000 - 0x00007ffd6f8e9000 	C:\Users\dell\.p2\pool\plugins\org.eclipse.justj.openjdk.hotspot.jre.full.win32.x86_64_18.0.2.v20221005-1040\jre\bin\VCRUNTIME140.dll
0x00007ffd85200000 - 0x00007ffd8548e000 	C:\WINDOWS\WinSxS\amd64_microsoft.windows.common-controls_6595b64144ccf1df_6.0.22621.608_none_a9444ca7c10bb01d\COMCTL32.dll
0x00007ffd884a0000 - 0x00007ffd88547000 	C:\WINDOWS\System32\msvcrt.dll
0x00007ffd87c60000 - 0x00007ffd87c91000 	C:\WINDOWS\System32\IMM32.DLL
0x00007ffd806a0000 - 0x00007ffd806ac000 	C:\Users\dell\.p2\pool\plugins\org.eclipse.justj.openjdk.hotspot.jre.full.win32.x86_64_18.0.2.v20221005-1040\jre\bin\vcruntime140_1.dll
0x00007ffd513b0000 - 0x00007ffd51441000 	C:\Users\dell\.p2\pool\plugins\org.eclipse.justj.openjdk.hotspot.jre.full.win32.x86_64_18.0.2.v20221005-1040\jre\bin\msvcp140.dll
0x00007ffd4a100000 - 0x00007ffd4ad8a000 	C:\Users\dell\.p2\pool\plugins\org.eclipse.justj.openjdk.hotspot.jre.full.win32.x86_64_18.0.2.v20221005-1040\jre\bin\server\jvm.dll
0x00007ffd88280000 - 0x00007ffd8832e000 	C:\WINDOWS\System32\ADVAPI32.dll
0x00007ffd887e0000 - 0x00007ffd88884000 	C:\WINDOWS\System32\sechost.dll
0x00007ffd88550000 - 0x00007ffd88667000 	C:\WINDOWS\System32\RPCRT4.dll
0x00007ffd887c0000 - 0x00007ffd887c8000 	C:\WINDOWS\System32\PSAPI.DLL
0x00007ffd6f400000 - 0x00007ffd6f409000 	C:\WINDOWS\SYSTEM32\WSOCK32.dll
0x00007ffd87360000 - 0x00007ffd873d1000 	C:\WINDOWS\System32\WS2_32.dll
0x00007ffd7f800000 - 0x00007ffd7f834000 	C:\WINDOWS\SYSTEM32\WINMM.dll
0x00007ffd7e540000 - 0x00007ffd7e54a000 	C:\WINDOWS\SYSTEM32\VERSION.dll
0x00007ffd84070000 - 0x00007ffd84088000 	C:\WINDOWS\SYSTEM32\kernel.appcore.dll
0x00007ffd84850000 - 0x00007ffd8485a000 	C:\Users\dell\.p2\pool\plugins\org.eclipse.justj.openjdk.hotspot.jre.full.win32.x86_64_18.0.2.v20221005-1040\jre\bin\jimage.dll
0x00007ffd856a0000 - 0x00007ffd858ce000 	C:\WINDOWS\SYSTEM32\DBGHELP.DLL
0x00007ffd873e0000 - 0x00007ffd87769000 	C:\WINDOWS\System32\combase.dll
0x00007ffd87ee0000 - 0x00007ffd87fb7000 	C:\WINDOWS\System32\OLEAUT32.dll
0x00007ffd85660000 - 0x00007ffd85692000 	C:\WINDOWS\SYSTEM32\dbgcore.DLL
0x00007ffd86440000 - 0x00007ffd864bb000 	C:\WINDOWS\System32\bcryptPrimitives.dll
0x00007ffd84170000 - 0x00007ffd84195000 	C:\Users\dell\.p2\pool\plugins\org.eclipse.justj.openjdk.hotspot.jre.full.win32.x86_64_18.0.2.v20221005-1040\jre\bin\java.dll
0x00007ffd84830000 - 0x00007ffd84848000 	C:\Users\dell\.p2\pool\plugins\org.eclipse.justj.openjdk.hotspot.jre.full.win32.x86_64_18.0.2.v20221005-1040\jre\bin\zip.dll
0x00007ffd86b70000 - 0x00007ffd87360000 	C:\WINDOWS\System32\SHELL32.dll
0x00007ffd83030000 - 0x00007ffd838fd000 	C:\WINDOWS\SYSTEM32\windows.storage.dll
0x00007ffd82ef0000 - 0x00007ffd8302e000 	C:\WINDOWS\SYSTEM32\wintypes.dll
0x00007ffd88990000 - 0x00007ffd88a81000 	C:\WINDOWS\System32\SHCORE.dll
0x00007ffd88670000 - 0x00007ffd886ce000 	C:\WINDOWS\System32\shlwapi.dll
0x00007ffd85e40000 - 0x00007ffd85e61000 	C:\WINDOWS\SYSTEM32\profapi.dll
0x00007ffd70bb0000 - 0x00007ffd70bc3000 	C:\Users\dell\.p2\pool\plugins\org.eclipse.justj.openjdk.hotspot.jre.full.win32.x86_64_18.0.2.v20221005-1040\jre\bin\net.dll
0x00007ffd7de40000 - 0x00007ffd7df77000 	C:\WINDOWS\SYSTEM32\WINHTTP.dll
0x00007ffd845d0000 - 0x00007ffd84639000 	C:\WINDOWS\system32\mswsock.dll
0x00007ffd70b90000 - 0x00007ffd70ba6000 	C:\Users\dell\.p2\pool\plugins\org.eclipse.justj.openjdk.hotspot.jre.full.win32.x86_64_18.0.2.v20221005-1040\jre\bin\nio.dll

dbghelp: loaded successfully - version: 4.0.5 - missing functions: none
symbol engine: initialized successfully - sym options: 0x614 - pdb path: .;C:\Users\dell\.p2\pool\plugins\org.eclipse.justj.openjdk.hotspot.jre.full.win32.x86_64_18.0.2.v20221005-1040\jre\bin;C:\WINDOWS\SYSTEM32;C:\WINDOWS\WinSxS\amd64_microsoft.windows.common-controls_6595b64144ccf1df_6.0.22621.608_none_a9444ca7c10bb01d;C:\Users\dell\.p2\pool\plugins\org.eclipse.justj.openjdk.hotspot.jre.full.win32.x86_64_18.0.2.v20221005-1040\jre\bin\server

VM Arguments:
jvm_args: -Dfile.encoding=UTF-8 --module-path=C:\Users\dell\eclipse-workspace\java\bin -XX:+ShowCodeDetailsInExceptionMessages -Djdk.module.main=java 
java_command: java/pinclass.altprimeno
java_class_path (initial): <not set>
Launcher Type: SUN_STANDARD

[Global flags]
     intx CICompilerCount                          = 3                                         {product} {ergonomic}
     uint ConcGCThreads                            = 1                                         {product} {ergonomic}
     uint G1ConcRefinementThreads                  = 4                                         {product} {ergonomic}
   size_t G1HeapRegionSize                         = 1048576                                   {product} {ergonomic}
    uintx GCDrainStackTargetSize                   = 64                                        {product} {ergonomic}
   size_t InitialHeapSize                          = 67108864                                  {product} {ergonomic}
   size_t MarkStackSize                            = 4194304                                   {product} {ergonomic}
   size_t MaxHeapSize                              = 1048576000                                {product} {ergonomic}
   size_t MaxNewSize                               = 629145600                                 {product} {ergonomic}
   size_t MinHeapDeltaBytes                        = 1048576                                   {product} {ergonomic}
   size_t MinHeapSize                              = 8388608                                   {product} {ergonomic}
    uintx NonNMethodCodeHeapSize                   = 5832780                                {pd product} {ergonomic}
    uintx NonProfiledCodeHeapSize                  = 122912730                              {pd product} {ergonomic}
    uintx ProfiledCodeHeapSize                     = 122912730                              {pd product} {ergonomic}
    uintx ReservedCodeCacheSize                    = 251658240                              {pd product} {ergonomic}
     bool SegmentedCodeCache                       = true                                      {product} {ergonomic}
     bool ShowCodeDetailsInExceptionMessages       = true                                   {manageable} {command line}
   size_t SoftMaxHeapSize                          = 1048576000                             {manageable} {ergonomic}
     bool UseCompressedClassPointers               = true                           {product lp64_product} {ergonomic}
     bool UseCompressedOops                        = true                           {product lp64_product} {ergonomic}
     bool UseG1GC                                  = true                                      {product} {ergonomic}
     bool UseLargePagesIndividualAllocation        = false                                  {pd product} {ergonomic}

Logging:
Log output configuration:
 #0: stdout all=warning uptime,level,tags foldmultilines=false
 #1: stderr all=off uptime,level,tags foldmultilines=false

Environment Variables:
JAVA_HOME=C:\Program Files\Java\jdk-17.0.4
PATH=C:/Users/dell/.p2/pool/plugins/org.eclipse.justj.openjdk.hotspot.jre.full.win32.x86_64_18.0.2.v20221005-1040/jre/bin/server;C:/Users/dell/.p2/pool/plugins/org.eclipse.justj.openjdk.hotspot.jre.full.win32.x86_64_18.0.2.v20221005-1040/jre/bin;C:\oracle\product\10.2.0\db_1\bin;C:\Program Files\Common Files\Oracle\Java\javapath;C:\WINDOWS\system32;C:\WINDOWS;C:\WINDOWS\System32\Wbem;C:\WINDOWS\System32\WindowsPowerShell\v1.0\;C:\WINDOWS\System32\OpenSSH\;C:\Program Files\Intel\WiFi\bin\;C:\Program Files\Common Files\Intel\WirelessCommon\;C:\Program Files\Java\jdk1.8.0_301\bin;C:\Users\dell\Downloads;C:\Users\dell\PycharmProjects\pythonProject3\venv\Scripts;C:\Program Files\Java\jdk-17.0.4\bin;C:\Program Files\Java\jdk-19\bin;C:\Program Files (x86)\Intel\Intel(R) Management Engine Components\DAL;C:\Program Files\Intel\Intel(R) Management Engine Components\DAL;C:\Program Files\dotnet\;C:\Users\dell\AppData\Local\Programs\Python\Python310\Scripts\;C:\Users\dell\AppData\Local\Programs\Python\Python310\;C:\Users\dell\AppData\Local\Microsoft\WindowsApps;C:\Program Files\JetBrains\PyCharm Community Edition 2021.3.1\bin;;C:\Users\dell\Downloads;;C:\Users\dell\Desktop;
USERNAME=dell
OS=Windows_NT
PROCESSOR_IDENTIFIER=Intel64 Family 6 Model 142 Stepping 10, GenuineIntel



---------------  S Y S T E M  ---------------

OS:
 Windows 11 , 64 bit Build 22621 (10.0.22621.1485)
OS uptime: 0 days 1:15 hours

CPU: total 4 (initial active 4) (2 cores per cpu, 2 threads per core) family 6 model 142 stepping 10 microcode 0xf0, cx8, cmov, fxsr, ht, mmx, 3dnowpref, sse, sse2, sse3, ssse3, sse4.1, sse4.2, popcnt, lzcnt, tsc, tscinvbit, avx, avx2, aes, erms, clmul, bmi1, bmi2, adx, fma, vzeroupper, clflush, clflushopt

Memory: 4k page, system-wide physical 3993M (240M free)
TotalPageFile size 9502M (AvailPageFile size 130M)
current process WorkingSet (physical memory assigned to process): 36M, peak: 36M
current process commit charge ("private bytes"): 132M, peak: 132M

vm_info: OpenJDK 64-Bit Server VM (18.0.2.1+1) for windows-amd64 JRE (18.0.2.1+1), built on Aug 25 2022 17:20:57 by "" with MS VC++ 16.7 (VS2019)

END.
